checking for a BSD-compatible install... /usr/bin/install -c
checking whether build environment is sane... yes
checking for a thread-safe mkdir -p... /bin/mkdir -p
checking for gawk... gawk
checking whether make sets $(MAKE)... yes
checking for C++ compiler default output file name... a.out
checking whether the C++ compiler works... yes
checking whether we are cross compiling... no
checking for suffix of executables... 
checking for suffix of object files... o
checking whether we are using the GNU C++ compiler... yes
checking whether icpc accepts -g... yes
checking for style of include used by make... GNU
checking dependency style of icpc... gcc3
checking for pkg-config... /usr/bin/pkg-config
checking pkg-config is at least version 0.9.0... yes
checking for NETCDF... yes
checking for NETCDF_CXX... yes
checking for LIBMESH... yes
checking for DEALII... yes
checking for DOLFIN... yes
checking for TRILINOS... yes
checking for gcc... gcc
checking whether we are using the GNU C compiler... yes
checking whether gcc accepts -g... yes
checking for gcc option to accept ISO C89... none needed
checking dependency style of gcc... gcc3
checking whether make sets $(MAKE)... (cached) yes
checking build system type... i686-pc-linux-gnu
checking host system type... i686-pc-linux-gnu
checking for a sed that does not truncate output... /bin/sed
checking for grep that handles long lines and -e... /bin/grep
checking for egrep... /bin/grep -E
checking for fgrep... /bin/grep -F
checking for ld used by gcc... /usr/bin/ld
checking if the linker (/usr/bin/ld) is GNU ld... yes
checking for BSD- or MS-compatible name lister (nm)... /usr/bin/nm -B
checking the name lister (/usr/bin/nm -B) interface... BSD nm
checking whether ln -s works... yes
checking the maximum length of command line arguments... 1572864
checking whether the shell understands some XSI constructs... yes
checking whether the shell understands "+="... yes
checking for /usr/bin/ld option to reload object files... -r
checking how to recognize dependent libraries... pass_all
checking for ar... ar
checking for strip... strip
checking for ranlib... ranlib
checking command to parse /usr/bin/nm -B output from gcc object... ok
checking how to run the C preprocessor... gcc -E
checking for ANSI C header files... yes
checking for sys/types.h... yes
checking for sys/stat.h... yes
checking for stdlib.h... yes
checking for string.h... yes
checking for memory.h... yes
checking for strings.h... yes
checking for inttypes.h... yes
checking for stdint.h... yes
checking for unistd.h... yes
checking for dlfcn.h... yes
checking whether we are using the GNU C++ compiler... (cached) yes
checking whether icpc accepts -g... (cached) yes
checking dependency style of icpc... (cached) gcc3
checking how to run the C++ preprocessor... icpc -E
checking for objdir... .libs
checking if gcc supports -fno-rtti -fno-exceptions... no
checking for gcc option to produce PIC... -fPIC -DPIC
checking if gcc PIC flag -fPIC -DPIC works... yes
checking if gcc static flag -static works... yes
checking if gcc supports -c -o file.o... yes
checking if gcc supports -c -o file.o... (cached) yes
checking whether the gcc linker (/usr/bin/ld) supports shared libraries... yes
checking whether -lc should be explicitly linked in... no
checking dynamic linker characteristics... GNU/Linux ld.so
checking how to hardcode library paths into programs... immediate
checking whether stripping libraries is possible... yes
checking if libtool supports shared libraries... yes
checking whether to build shared libraries... yes
checking whether to build static libraries... yes
checking for ld used by icpc... /usr/bin/ld
checking if the linker (/usr/bin/ld) is GNU ld... yes
checking whether the icpc linker (/usr/bin/ld) supports shared libraries... yes
checking for icpc option to produce PIC... -fPIC -DPIC
checking if icpc PIC flag -fPIC -DPIC works... yes
checking if icpc static flag -static works... yes
checking if icpc supports -c -o file.o... yes
checking if icpc supports -c -o file.o... (cached) yes
checking whether the icpc linker (/usr/bin/ld) supports shared libraries... yes
checking dynamic linker characteristics... GNU/Linux ld.so
checking how to hardcode library paths into programs... immediate
checking for inline... inline
checking for sin in -lm... yes
checking for ANSI C header files... (cached) yes
checking limits.h usability... yes
checking limits.h presence... yes
checking for limits.h... yes
checking for stdlib.h... (cached) yes
checking for string.h... (cached) yes
checking for unistd.h... (cached) yes
checking for an ANSI C-conforming const... yes
checking for size_t... yes
checking whether byte ordering is bigendian... no
checking for inline... (cached) inline
checking for working strtod... yes
checking for vprintf... yes
checking for _doprnt... no
checking for floor... yes
checking for memset... yes
checking for pow... yes
checking for sqrt... yes
checking for strchr... yes
checking for strpbrk... yes
checking for strspn... yes
checking for strtol... yes
configure: Compiler-type not specified -- assuming default for linux-gnu : gnu 
configure: LAPACK_CFLAGS=-DLAPACK_HAS_NO_CLAPACK, LAPACK_LDFLAGS=-llapack -lgfortran
configure: creating ./config.status
config.status: creating Makefile
config.status: creating src/Makefile
config.status: creating test/Makefile
config.status: creating README
config.status: creating libspace.pc
config.status: creating ./include/space/config.h
config.status: ./include/space/config.h is unchanged
config.status: executing ./include/space/libspace-config.h commands
config.status: creating ./include/space/libspace-config.h - prefix LIBSPACE for ./include/space/config.h defines
config.status: ./include/space/libspace-config.h is unchanged
config.status: executing depfiles commands
config.status: executing libtool commands
